日志记录错误15:03:33 別のプロセスで使用されているため、プロセスはファイル 'C:\Users\zhanglz\Desktop\piaza\2017-02-05.log' にアクセスできません。 总件数出错リモート サーバーがエラーを返しました: (404) 見つかりません
日志记录错误15:03:35 別のプロセスで使用されているため、プロセスはファイル 'C:\Users\zhanglz\Desktop\piaza\2017-02-05.log' にアクセスできません。 
★★★DB更新开始2017年2月5日 15:03:35★★★

日志记录错误15:04:51 別のプロセスで使用されているため、プロセスはファイル 'C:\Users\zhanglz\Desktop\piaza\2017-02-05.log' にアクセスできません。 
★★★DB更新开始2017年2月5日 15:04:51★★★

日志记录错误15:05:12 別のプロセスで使用されているため、プロセスはファイル 'C:\Users\zhanglz\Desktop\piaza\2017-02-05.log' にアクセスできません。 
★★★DB更新开始2017年2月5日 15:05:12★★★

日志记录错误18:36:15 別のプロセスで使用されているため、プロセスはファイル 'C:\Users\zhanglz\Desktop\piaza\2017-02-05.log' にアクセスできません。 
★★★一段階完了★★★

日志记录错误18:36:19 別のプロセスで使用されているため、プロセスはファイル 'C:\Users\zhanglz\Desktop\piaza\2017-02-05.log' にアクセスできません。 
 importment! https://paiza.jp/career/job_offers/work_feature/%E6%AE%8B%E6%A5%AD%EF%BC%93%EF%BC%90H%E4%BB%A5%E5%86%85件数変わった、444 => 444

日志记录错误19:05:50 別のプロセスで使用されているため、プロセスはファイル 'C:\Users\zhanglz\Desktop\piaza\2017-02-05.log' にアクセスできません。 
★★★一段階完了★★★

日志记录错误19:13:31 別のプロセスで使用されているため、プロセスはファイル 'C:\Users\zhanglz\Desktop\piaza\2017-02-05.log' にアクセスできません。 
★★★一段階完了★★★

日志记录错误19:16:55 別のプロセスで使用されているため、プロセスはファイル 'C:\Users\zhanglz\Desktop\piaza\2017-02-05.log' にアクセスできません。 
★★★一段階完了★★★

日志记录错误19:29:40 別のプロセスで使用されているため、プロセスはファイル 'C:\Users\zhanglz\Desktop\piaza\2017-02-05.log' にアクセスできません。 
★★★一段階完了★★★

日志记录错误19:46:56 別のプロセスで使用されているため、プロセスはファイル 'C:\Users\zhanglz\Desktop\piaza\2017-02-05.log' にアクセスできません。 
★★★一段階完了★★★

日志记录错误19:47:05 別のプロセスで使用されているため、プロセスはファイル 'C:\Users\zhanglz\Desktop\piaza\2017-02-05.log' にアクセスできません。 
 importment! https://paiza.jp/career/job_offers/work_feature/%E6%AE%8B%E6%A5%AD%EF%BC%93%EF%BC%90H%E4%BB%A5%E5%86%85件数変わった、444 => 444

